{"C:\\Users\\VarunVC\\OnSolve\\Personal\\React\\namaste-react\\src\\sum.js": {"path":"C:\\Users\\VarunVC\\OnSolve\\Personal\\React\\namaste-react\\src\\sum.js","statementMap":{"0":{"start":{"line":1,"column":19},"end":{"line":1,"column":34}},"1":{"start":{"line":1,"column":29},"end":{"line":1,"column":34}}},"fnMap":{"0":{"name":"(anonymous_0)","decl":{"start":{"line":1,"column":19},"end":{"line":1,"column":20}},"loc":{"start":{"line":1,"column":29},"end":{"line":1,"column":34}},"line":1}},"branchMap":{},"s":{"0":1,"1":1},"f":{"0":1},"b":{},"_coverageSchema":"1a1c01bbd47fc00a2c39e90264f33305004495a9","hash":"8f8f508f1818da3898aaa5ed59bf8d99dbbece39"}
,"C:\\Users\\VarunVC\\OnSolve\\Personal\\React\\namaste-react\\src\\components\\pages\\Contact.js": {"path":"C:\\Users\\VarunVC\\OnSolve\\Personal\\React\\namaste-react\\src\\components\\pages\\Contact.js","statementMap":{"0":{"start":{"line":3,"column":23},"end":{"line":9,"column":1}},"1":{"start":{"line":4,"column":2},"end":{"line":8,"column":4}}},"fnMap":{"0":{"name":"(anonymous_0)","decl":{"start":{"line":3,"column":23},"end":{"line":3,"column":24}},"loc":{"start":{"line":3,"column":29},"end":{"line":9,"column":1}},"line":3}},"branchMap":{},"s":{"0":1,"1":1},"f":{"0":1},"b":{},"_coverageSchema":"1a1c01bbd47fc00a2c39e90264f33305004495a9","hash":"b95607e7abb93b12f9e27a6a6530ef1224753249"}
}
